Added Component: Designator=LED1(LED_LGE1.0)
Added Component: Designator=LED2(LED_LGE1.0)
Added Component: Designator=LED3(LED_LGE1.0)
Added Component: Designator=LED4(LED_LGE1.0)
Added Component: Designator=LED5(LED_LGE1.0)
Added Component: Designator=LED6(LED_LGE1.0)
Added Component: Designator=R1(Res10mm_LGE1.0)
Added Component: Designator=R2(Res10mm_LGE1.0)
Added Component: Designator=R3(Res10mm_LGE1.0)
Added Component: Designator=R4(Res10mm_LGE1.0)
Added Component: Designator=R5(Res10mm_LGE1.0)
Added Component: Designator=R6(Res10mm_LGE1.0)
Added Pin To Net: NetName=3V3 Pin=POWER-5
Added Net: Name=3V3
Added Pin To Net: NetName=5V Pin=C2-2
Added Pin To Net: NetName=5V Pin=C4-2
Added Pin To Net: NetName=5V Pin=DIGITAL-1
Added Pin To Net: NetName=5V Pin=DIGITAL-2
Added Pin To Net: NetName=5V Pin=P2-1
Added Pin To Net: NetName=5V Pin=P4-1
Added Pin To Net: NetName=5V Pin=POWER-4
Added Pin To Net: NetName=5V Pin=Q1-9
Added Pin To Net: NetName=5V Pin=Q2-9
Added Pin To Net: NetName=5V Pin=R1-2
Added Net: Name=5V
Added Pin To Net: NetName=AD0 Pin=AD_L-1
Added Net: Name=AD0
Added Pin To Net: NetName=AD1 Pin=AD_L-2
Added Pin To Net: NetName=AD1 Pin=Q1-7
Added Pin To Net: NetName=AD1 Pin=Q1-10
Added Net: Name=AD1
Added Pin To Net: NetName=AD2 Pin=AD_L-3
Added Pin To Net: NetName=AD2 Pin=Q1-5
Added Pin To Net: NetName=AD2 Pin=Q1-12
Added Net: Name=AD2
Added Pin To Net: NetName=AD3 Pin=AD_L-4
Added Pin To Net: NetName=AD3 Pin=Q2-7
Added Pin To Net: NetName=AD3 Pin=Q2-10
Added Net: Name=AD3
Added Pin To Net: NetName=AD4 Pin=AD_L-5
Added Pin To Net: NetName=AD4 Pin=Q2-5
Added Pin To Net: NetName=AD4 Pin=Q2-12
Added Net: Name=AD4
Added Pin To Net: NetName=AD5 Pin=AD_L-6
Added Net: Name=AD5
Added Pin To Net: NetName=AD6 Pin=AD_L-7
Added Net: Name=AD6
Added Pin To Net: NetName=AD7 Pin=AD_L-8
Added Net: Name=AD7
Added Pin To Net: NetName=AD8 Pin=AD_H-1
Added Net: Name=AD8
Added Pin To Net: NetName=AD9 Pin=AD_H-2
Added Net: Name=AD9
Added Pin To Net: NetName=AD10 Pin=AD_H-3
Added Net: Name=AD10
Added Pin To Net: NetName=AD11 Pin=AD_H-4
Added Net: Name=AD11
Added Pin To Net: NetName=AD12 Pin=AD_H-5
Added Net: Name=AD12
Added Pin To Net: NetName=AD13 Pin=AD_H-6
Added Net: Name=AD13
Added Pin To Net: NetName=AD14 Pin=AD_H-7
Added Net: Name=AD14
Added Pin To Net: NetName=AD15 Pin=AD_H-8
Added Net: Name=AD15
Added Pin To Net: NetName=AREF Pin=PWM_H-8
Added Net: Name=AREF
Added Pin To Net: NetName=GND Pin=C1-2
Added Pin To Net: NetName=GND Pin=C2-1
Added Pin To Net: NetName=GND Pin=C3-2
Added Pin To Net: NetName=GND Pin=C4-1
Added Pin To Net: NetName=GND Pin=D3-1
Added Pin To Net: NetName=GND Pin=D4-1
Added Pin To Net: NetName=GND Pin=D7-1
Added Pin To Net: NetName=GND Pin=D8-1
Added Pin To Net: NetName=GND Pin=DIGITAL-35
Added Pin To Net: NetName=GND Pin=DIGITAL-36
Added Pin To Net: NetName=GND Pin=LED1-2
Added Pin To Net: NetName=GND Pin=LED2-2
Added Pin To Net: NetName=GND Pin=LED3-2
Added Pin To Net: NetName=GND Pin=LED4-2
Added Pin To Net: NetName=GND Pin=LED5-2
Added Pin To Net: NetName=GND Pin=LED6-2
Added Pin To Net: NetName=GND Pin=P2-2
Added Pin To Net: NetName=GND Pin=P4-2
Added Pin To Net: NetName=GND Pin=P5-2
Added Pin To Net: NetName=GND Pin=P6-2
Added Pin To Net: NetName=GND Pin=POWER-2
Added Pin To Net: NetName=GND Pin=POWER-3
Added Pin To Net: NetName=GND Pin=PWM_H-7
Added Pin To Net: NetName=GND Pin=Q1-1
Added Pin To Net: NetName=GND Pin=Q1-8
Added Pin To Net: NetName=GND Pin=Q1-15
Added Pin To Net: NetName=GND Pin=Q2-1
Added Pin To Net: NetName=GND Pin=Q2-8
Added Pin To Net: NetName=GND Pin=Q2-15
Added Pin To Net: NetName=GND Pin=S1-2
Added Net: Name=GND
Added Pin To Net: NetName=IO22 Pin=DIGITAL-3
Added Net: Name=IO22
Added Pin To Net: NetName=IO23 Pin=DIGITAL-4
Added Net: Name=IO23
Added Pin To Net: NetName=IO24 Pin=DIGITAL-5
Added Net: Name=IO24
Added Pin To Net: NetName=IO25 Pin=DIGITAL-6
Added Net: Name=IO25
Added Pin To Net: NetName=IO26 Pin=DIGITAL-7
Added Net: Name=IO26
Added Pin To Net: NetName=IO27 Pin=DIGITAL-8
Added Net: Name=IO27
Added Pin To Net: NetName=IO28 Pin=DIGITAL-9
Added Net: Name=IO28
Added Pin To Net: NetName=IO29 Pin=DIGITAL-10
Added Net: Name=IO29
Added Pin To Net: NetName=IO30 Pin=DIGITAL-11
Added Net: Name=IO30
Added Pin To Net: NetName=IO31 Pin=DIGITAL-12
Added Net: Name=IO31
Added Pin To Net: NetName=IO32 Pin=DIGITAL-13
Added Net: Name=IO32
Added Pin To Net: NetName=IO33 Pin=DIGITAL-14
Added Net: Name=IO33
Added Pin To Net: NetName=IO34 Pin=DIGITAL-15
Added Net: Name=IO34
Added Pin To Net: NetName=IO35 Pin=DIGITAL-16
Added Net: Name=IO35
Added Pin To Net: NetName=IO36 Pin=DIGITAL-17
Added Net: Name=IO36
Added Pin To Net: NetName=IO37 Pin=DIGITAL-18
Added Net: Name=IO37
Added Pin To Net: NetName=IO38 Pin=DIGITAL-19
Added Net: Name=IO38
Added Pin To Net: NetName=IO39 Pin=DIGITAL-20
Added Net: Name=IO39
Added Pin To Net: NetName=IO40 Pin=DIGITAL-21
Added Net: Name=IO40
Added Pin To Net: NetName=IO41 Pin=DIGITAL-22
Added Net: Name=IO41
Added Pin To Net: NetName=IO42 Pin=DIGITAL-23
Added Net: Name=IO42
Added Pin To Net: NetName=IO43 Pin=DIGITAL-24
Added Net: Name=IO43
Added Pin To Net: NetName=IO44 Pin=DIGITAL-25
Added Net: Name=IO44
Added Pin To Net: NetName=IO45 Pin=DIGITAL-26
Added Net: Name=IO45
Added Pin To Net: NetName=IO46 Pin=DIGITAL-27
Added Net: Name=IO46
Added Pin To Net: NetName=IO47 Pin=DIGITAL-28
Added Net: Name=IO47
Added Pin To Net: NetName=IO48 Pin=DIGITAL-29
Added Net: Name=IO48
Added Pin To Net: NetName=IO49 Pin=DIGITAL-30
Added Pin To Net: NetName=IO49 Pin=R6-2
Added Net: Name=IO49
Added Pin To Net: NetName=IO50 Pin=DIGITAL-31
Added Pin To Net: NetName=IO50 Pin=R5-2
Added Net: Name=IO50
Added Pin To Net: NetName=IO51 Pin=DIGITAL-32
Added Pin To Net: NetName=IO51 Pin=R4-2
Added Net: Name=IO51
Added Pin To Net: NetName=IO52 Pin=DIGITAL-33
Added Pin To Net: NetName=IO52 Pin=R3-2
Added Net: Name=IO52
Added Pin To Net: NetName=IO53 Pin=DIGITAL-34
Added Pin To Net: NetName=IO53 Pin=R2-2
Added Net: Name=IO53
Added Pin To Net: NetName=NetLED1_1 Pin=LED1-1
Added Pin To Net: NetName=NetLED1_1 Pin=R1-1
Added Net: Name=NetLED1_1
Added Pin To Net: NetName=NetLED2_1 Pin=LED2-1
Added Pin To Net: NetName=NetLED2_1 Pin=R2-1
Added Net: Name=NetLED2_1
Added Pin To Net: NetName=NetLED3_1 Pin=LED3-1
Added Pin To Net: NetName=NetLED3_1 Pin=R3-1
Added Net: Name=NetLED3_1
Added Pin To Net: NetName=NetLED4_1 Pin=LED4-1
Added Pin To Net: NetName=NetLED4_1 Pin=R4-1
Added Net: Name=NetLED4_1
Added Pin To Net: NetName=NetLED5_1 Pin=LED5-1
Added Pin To Net: NetName=NetLED5_1 Pin=R5-1
Added Net: Name=NetLED5_1
Added Pin To Net: NetName=NetLED6_1 Pin=LED6-1
Added Pin To Net: NetName=NetLED6_1 Pin=R6-1
Added Net: Name=NetLED6_1
Added Pin To Net: NetName=PWM2 Pin=P4-3
Added Pin To Net: NetName=PWM2 Pin=PWM_L-3
Added Net: Name=PWM2
Added Pin To Net: NetName=PWM3 Pin=P2-3
Added Pin To Net: NetName=PWM3 Pin=PWM_L-4
Added Net: Name=PWM3
Added Pin To Net: NetName=PWM4 Pin=PWM_L-5
Added Net: Name=PWM4
Added Pin To Net: NetName=PWM5 Pin=PWM_L-6
Added Net: Name=PWM5
Added Pin To Net: NetName=PWM6 Pin=PWM_L-7
Added Net: Name=PWM6
Added Pin To Net: NetName=PWM7 Pin=PWM_L-8
Added Pin To Net: NetName=PWM7 Pin=Q2-6
Added Pin To Net: NetName=PWM7 Pin=Q2-11
Added Net: Name=PWM7
Added Pin To Net: NetName=PWM8 Pin=P4-4
Added Pin To Net: NetName=PWM8 Pin=PWM_H-1
Added Net: Name=PWM8
Added Pin To Net: NetName=PWM9 Pin=PWM_H-2
Added Pin To Net: NetName=PWM9 Pin=Q1-6
Added Pin To Net: NetName=PWM9 Pin=Q1-11
Added Net: Name=PWM9
Added Pin To Net: NetName=PWM10 Pin=P2-4
Added Pin To Net: NetName=PWM10 Pin=PWM_H-3
Added Net: Name=PWM10
Added Pin To Net: NetName=PWM11 Pin=PWM_H-4
Added Net: Name=PWM11
Added Pin To Net: NetName=PWM12 Pin=PWM_H-5
Added Net: Name=PWM12
Added Pin To Net: NetName=PWM13 Pin=PWM_H-6
Added Net: Name=PWM13
Added Pin To Net: NetName=RESET Pin=POWER-6
Added Pin To Net: NetName=RESET Pin=S1-1
Added Net: Name=RESET
Added Pin To Net: NetName=RX0 Pin=PWM_L-1
Added Net: Name=RX0
Added Pin To Net: NetName=RX1 Pin=COMMS-3
Added Net: Name=RX1
Added Pin To Net: NetName=RX2 Pin=COMMS-5
Added Net: Name=RX2
Added Pin To Net: NetName=RX3 Pin=COMMS-7
Added Net: Name=RX3
Added Pin To Net: NetName=SCL Pin=COMMS-1
Added Net: Name=SCL
Added Pin To Net: NetName=SDA Pin=COMMS-2
Added Net: Name=SDA
Added Pin To Net: NetName=TX0 Pin=PWM_L-2
Added Net: Name=TX0
Added Pin To Net: NetName=TX1 Pin=COMMS-4
Added Net: Name=TX1
Added Pin To Net: NetName=TX2 Pin=COMMS-6
Added Net: Name=TX2
Added Pin To Net: NetName=TX3 Pin=COMMS-8
Added Net: Name=TX3
Added Pin To Net: NetName=V+1 Pin=D2-1
Added Pin To Net: NetName=V+1 Pin=D4-2
Added Pin To Net: NetName=V+1 Pin=P1-2
Added Pin To Net: NetName=V+1 Pin=Q1-3
Added Pin To Net: NetName=V+1 Pin=Q1-13
Added Net: Name=V+1
Added Pin To Net: NetName=V+2 Pin=D6-1
Added Pin To Net: NetName=V+2 Pin=D8-2
Added Pin To Net: NetName=V+2 Pin=P3-2
Added Pin To Net: NetName=V+2 Pin=Q2-3
Added Pin To Net: NetName=V+2 Pin=Q2-13
Added Net: Name=V+2
Added Pin To Net: NetName=V-1 Pin=D1-1
Added Pin To Net: NetName=V-1 Pin=D3-2
Added Pin To Net: NetName=V-1 Pin=P1-1
Added Pin To Net: NetName=V-1 Pin=Q1-2
Added Pin To Net: NetName=V-1 Pin=Q1-14
Added Net: Name=V-1
Added Pin To Net: NetName=V-2 Pin=D5-1
Added Pin To Net: NetName=V-2 Pin=D7-2
Added Pin To Net: NetName=V-2 Pin=P3-1
Added Pin To Net: NetName=V-2 Pin=Q2-2
Added Pin To Net: NetName=V-2 Pin=Q2-14
Added Net: Name=V-2
Added Pin To Net: NetName=VIN Pin=POWER-1
Added Net: Name=VIN
Added Pin To Net: NetName=VS Pin=C1-1
Added Pin To Net: NetName=VS Pin=C3-1
Added Pin To Net: NetName=VS Pin=D1-2
Added Pin To Net: NetName=VS Pin=D2-2
Added Pin To Net: NetName=VS Pin=D5-2
Added Pin To Net: NetName=VS Pin=D6-2
Added Pin To Net: NetName=VS Pin=P5-1
Added Pin To Net: NetName=VS Pin=P6-1
Added Pin To Net: NetName=VS Pin=Q1-4
Added Pin To Net: NetName=VS Pin=Q2-4
Added Net: Name=VS
Added Class: Name=LED Array
